<?xml version="1.0" encoding="UTF-8"?>
<testng-results skipped="0" failed="0" total="4" passed="4">
  <reporter-output>
  </reporter-output>
  <suite name="Default suite" duration-ms="25707" started-at="2015-04-21T18:53:36Z" finished-at="2015-04-21T18:54:02Z">
    <groups>
    </groups>
    <test name="Default test" duration-ms="25707" started-at="2015-04-21T18:53:36Z" finished-at="2015-04-21T18:54:02Z">
      <class name="com.example.tests.GroupCreationTests">
        <test-method status="PASS" signature="testNonEmptyGroupCration()[pri:0, instance:com.example.tests.GroupCreationTests@7608d498]" name="testNonEmptyGroupCration" duration-ms="4084" started-at="2015-04-21T21:53:45Z" finished-at="2015-04-21T21:53:49Z">
          <reporter-output>
          </reporter-output>
        </test-method> <!-- testNonEmptyGroupCration -->
      </class> <!-- com.example.tests.GroupCreationTests -->
      <class name="com.example.tests.GroupCreationTest2">
        <test-method status="PASS" signature="testEmptyGroupCration()[pri:0, instance:com.example.tests.GroupCreationTest2@3dbd83b2]" name="testEmptyGroupCration" duration-ms="3193" started-at="2015-04-21T21:53:56Z" finished-at="2015-04-21T21:53:59Z">
          <reporter-output>
          </reporter-output>
        </test-method> <!-- testEmptyGroupCration -->
      </class> <!-- com.example.tests.GroupCreationTest2 -->
      <class name="com.example.tests.AddContactWithoutFilling">
        <test-method status="PASS" signature="setUp()[pri:0, instance:com.example.tests.AddContactWithoutFilling@376e1995]" name="setUp" is-config="true" duration-ms="8658" started-at="2015-04-21T21:53:36Z" finished-at="2015-04-21T21:53:45Z">
          <reporter-output>
          </reporter-output>
        </test-method> <!-- setUp -->
        <test-method status="PASS" signature="testNewUserCreationWithoutFilling()[pri:0, instance:com.example.tests.AddContactWithoutFilling@376e1995]" name="testNewUserCreationWithoutFilling" duration-ms="2003" started-at="2015-04-21T21:53:59Z" finished-at="2015-04-21T21:54:01Z">
          <reporter-output>
          </reporter-output>
        </test-method> <!-- testNewUserCreationWithoutFilling -->
        <test-method status="PASS" signature="tearDown()[pri:0, instance:com.example.tests.AddContactWithoutFilling@376e1995]" name="tearDown" is-config="true" duration-ms="236" started-at="2015-04-21T21:54:01Z" finished-at="2015-04-21T21:54:02Z">
          <reporter-output>
          </reporter-output>
        </test-method> <!-- tearDown -->
      </class> <!-- com.example.tests.AddContactWithoutFilling -->
      <class name="com.example.tests.AddContact">
        <test-method status="PASS" signature="testNewUserCreationWithFilling()[pri:0, instance:com.example.tests.AddContact@65113ac8]" name="testNewUserCreationWithFilling" duration-ms="7509" started-at="2015-04-21T21:53:49Z" finished-at="2015-04-21T21:53:56Z">
          <reporter-output>
          </reporter-output>
        </test-method> <!-- testNewUserCreationWithFilling -->
      </class> <!-- com.example.tests.AddContact -->
    </test> <!-- Default test -->
  </suite> <!-- Default suite -->
</testng-results>
