<?xml version="1.0" encoding="UTF-8"?>
<!-- Generated by org.testng.reporters.JUnitXMLReporter -->
<testsuite hostname="SSergey" name="Default test" tests="4" failures="0" timestamp="21 Apr 2015 18:54:02 GMT" time="25.707" errors="0">
  <testcase name="testNonEmptyGroupCration" time="4.084" classname="com.example.tests.GroupCreationTests"/>
  <testcase name="testNewUserCreationWithFilling" time="7.509" classname="com.example.tests.AddContact"/>
  <testcase name="testEmptyGroupCration" time="3.193" classname="com.example.tests.GroupCreationTest2"/>
  <testcase name="testNewUserCreationWithoutFilling" time="2.003" classname="com.example.tests.AddContactWithoutFilling"/>
</testsuite> <!-- Default test -->
